2024-04-24 02:35:15 INFO [o.h.o.a.Application                     ] - Starting Application using Java 17.0.10 with PID 34735 (/home/vnx/openrouteservice/ors-api/target/classes started by vnx in /home/vnx/openrouteservice)
2024-04-24 02:35:15 INFO [o.h.o.a.Application                     ] - The following 1 profile is active: "default"
2024-04-24 02:35:15 INFO [o.h.o.a.ORSEnvironmentPostProcessor     ] - 
2024-04-24 02:35:15 INFO [o.h.o.a.ORSEnvironmentPostProcessor     ] - Configuration lookup started.
2024-04-24 02:35:15 INFO [o.h.o.a.ORSEnvironmentPostProcessor     ] - Configuration file lookup by default locations.
2024-04-24 02:35:15 INFO [o.h.o.a.ORSEnvironmentPostProcessor     ] - Loaded file './ors-config.yml'
2024-04-24 02:35:15 INFO [o.h.o.a.ORSEnvironmentPostProcessor     ] - Configuration lookup finished.
2024-04-24 02:35:15 INFO [o.h.o.a.ORSEnvironmentPostProcessor     ] - 
2024-04-24 02:35:16 INFO [o.h.o.a.s.l.ORSInitContextListener      ] - Initializing ORS...
2024-04-24 02:35:16 INFO [o.h.o.r.RoutingProfileManager           ] - Total - 136 MB, Free - 106.65 MB, Max: 980 MB, Used - 29.35 MB
2024-04-24 02:35:16 INFO [o.h.o.r.RoutingProfileManager           ] - ====> Initializing profiles from '/home/vnx/openrouteservice/ors-api/src/test/files/heidelberg.osm.gz' (1 threads) ...
2024-04-24 02:35:16 INFO [o.h.o.r.RoutingProfileManager           ] - 1 profile configurations submitted as tasks.
2024-04-24 02:35:16 INFO [o.h.o.r.RoutingProfile                  ] - [1] Profiles: 'driving-car', location: '/home/vnx/openrouteservice/./graphs/car'.
2024-04-24 02:35:16 INFO [o.h.o.r.g.e.c.CoreLMPreparationHandler  ] - Loaded landmark splitting collection from 
2024-04-24 02:35:16 INFO [o.h.o.r.g.e.ORSGraphHopper              ] - version v4.9.1|2024-01-17T09:08:46Z (7,20,5,4,5,7)
2024-04-24 02:35:16 INFO [o.h.o.r.g.e.ORSGraphHopper              ] - graph CH|car_ors|RAM_STORE|3D|turn_cost|,,,,, details:edges:0(0MB), nodes:0(0MB), name:(0MB), geo:0(0MB), bounds:1.7976931348623157E308,-1.7976931348623157E308,1.7976931348623157E308,-1.7976931348623157E308,1.7976931348623157E308,-1.7976931348623157E308, shortcuts:0 (0MB), nodesCH:-1 (0MB), shortcuts:0 (0MB), nodesCH:-1 (0MB), shortcuts:0 (0MB), nodesCH:-1 (0MB)
2024-04-24 02:35:16 INFO [o.h.o.r.g.e.ORSGraphHopper              ] - No custom areas are used, custom_areas.directory not given
2024-04-24 02:35:16 INFO [o.h.o.r.g.e.ORSGraphHopper              ] - start creating graph from /home/vnx/openrouteservice/ors-api/src/test/files/heidelberg.osm.gz
2024-04-24 02:35:16 INFO [o.h.o.r.g.e.ORSGraphHopper              ] - using CH|car_ors|RAM_STORE|3D|turn_cost|,,,,, memory:totalMB:97, usedMB:79
2024-04-24 02:35:16 INFO [o.h.o.a.Application                     ] - Started Application in 1.969 seconds (process running for 2.553)
2024-04-24 02:35:16 INFO [o.h.o.a.Application                     ] - openrouteservice {"build_date":"2024-04-24T02:34:01Z","version":"8.1"}
2024-04-24 02:35:32 INFO [o.h.o.r.g.e.ORSGraphHopper              ] - call cleanUp for '/home/vnx/openrouteservice/./graphs/car' 
2024-04-24 02:35:32 INFO [o.h.o.r.g.e.ORSGraphHopper              ] - graph CH|car_ors|RAM_STORE|3D|turn_cost|7,20,5,4,5, details:edges:20 826(1MB), nodes:17 464(1MB), name:(2MB), geo:137 647(1MB), bounds:7.7084693,9.1039669,49.3325699,49.5168325,89.0,582.0, shortcuts:0 (1MB), nodesCH:-1 (1MB), shortcuts:0 (1MB), nodesCH:-1 (1MB), shortcuts:0 (1MB), nodesCH:-1 (1MB)
2024-04-24 02:35:32 INFO [o.h.o.r.g.e.ORSGraphHopper              ] - nodes: 17 464, edges: 20 826
2024-04-24 02:35:32 INFO [o.h.o.r.g.e.ORSGraphHopper              ] - Bridge interpolation 0s, tunnel interpolation 0s, ferry interpolation 0s
2024-04-24 02:35:32 INFO [o.h.o.r.g.e.c.CorePreparationHandler    ] - Creating CH preparations, totalMB:247, usedMB:89
2024-04-24 02:35:32 INFO [o.h.o.r.g.e.c.CorePreparationHandler    ] - 1/2 calling CH prepare.doWork for profile 'car_ors_fastest_with_turn_costs' EDGE_BASED ... (totalMB:247, usedMB:89)
2024-04-24 02:35:32 INFO [o.h.o.r.g.e.c.CorePreparationHandler    ] - 2/2 calling CH prepare.doWork for profile 'car_ors_shortest_with_turn_costs' EDGE_BASED ... (totalMB:247, usedMB:89)
2024-04-24 02:35:32 INFO [o.h.o.r.g.e.c.PrepareCore               ] - Creating Core graph, totalMB:247, usedMB:89
2024-04-24 02:35:32 INFO [o.h.o.r.g.e.c.PrepareCore               ] - Building Core graph, totalMB:247, usedMB:90
2024-04-24 02:35:33 INFO [o.h.o.r.g.e.c.PrepareCore               ] - Finished building Core graph, took: 0.033521533s, totalMB:247, usedMB:116
2024-04-24 02:35:33 INFO [o.h.o.r.g.e.c.PrepareCore               ] - Building initial queue of nodes to be contracted: 17464 nodes, totalMB:247, usedMB:140
2024-04-24 02:35:33 INFO [o.h.o.r.g.e.c.PrepareCore               ] - Finished building queue, took: 0.016284535s, totalMB:247, usedMB:142
2024-04-24 02:35:33 INFO [o.h.o.r.g.e.c.PrepareCore               ] - edge, nodes:     16 179, shortcuts:          0, updates:  0, checked-nodes:          0, t(total):   0.09,  t(period):   0.02, t(lazy):   0.00, t(neighbor):   0.00, t(contr):   0.00, t(other) :   0.07, dijkstra-ratio:   1.63%, meanDegree: 1.19, dijkstras:     55 775, mem:        0MB, totalMB:247, usedMB:142
2024-04-24 02:35:33 INFO [o.h.o.r.g.e.c.PrepareCore               ] - edge, nodes:     15 406, shortcuts:          0, updates:  0, checked-nodes:        809, t(total):   0.09,  t(period):   0.02, t(lazy):   0.00, t(neighbor):   0.00, t(contr):   0.00, t(other) :   0.07, dijkstra-ratio:   1.57%, meanDegree: 1.00, dijkstras:     55 783, mem:        0MB, totalMB:247, usedMB:143
2024-04-24 02:35:33 INFO [o.h.o.r.g.e.c.PrepareCore               ] - edge, nodes:     14 630, shortcuts:          0, updates:  0, checked-nodes:      1 618, t(total):   0.09,  t(period):   0.02, t(lazy):   0.00, t(neighbor):   0.00, t(contr):   0.00, t(other) :   0.07, dijkstra-ratio:   1.53%, meanDegree: 1.00, dijkstras:     55 783, mem:        0MB, totalMB:247, usedMB:143
2024-04-24 02:35:33 INFO [o.h.o.r.g.e.c.PrepareCore               ] - edge, nodes:     13 870, shortcuts:          0, updates:  0, checked-nodes:      2 427, t(total):   0.09,  t(period):   0.02, t(lazy):   0.00, t(neighbor):   0.00, t(contr):   0.01, t(other) :   0.07, dijkstra-ratio:   1.51%, meanDegree: 1.00, dijkstras:     55 783, mem:        0MB, totalMB:247, usedMB:143
2024-04-24 02:35:33 INFO [o.h.o.r.g.e.c.PrepareCore               ] - edge, nodes:     13 127, shortcuts:          0, updates:  0, checked-nodes:      3 236, t(total):   0.10,  t(period):   0.02, t(lazy):   0.00, t(neighbor):   0.00, t(contr):   0.01, t(other) :   0.07, dijkstra-ratio:   1.48%, meanDegree: 1.00, dijkstras:     55 783, mem:        0MB, totalMB:247, usedMB:144
2024-04-24 02:35:33 INFO [o.h.o.r.g.e.c.PrepareCore               ] - edge, nodes:     12 371, shortcuts:          0, updates:  0, checked-nodes:      4 045, t(total):   0.10,  t(period):   0.02, t(lazy):   0.00, t(neighbor):   0.00, t(contr):   0.01, t(other) :   0.07, dijkstra-ratio:   1.46%, meanDegree: 1.00, dijkstras:     55 783, mem:        0MB, totalMB:247, usedMB:144
2024-04-24 02:35:33 INFO [o.h.o.r.g.e.c.PrepareCore               ] - edge, nodes:     11 646, shortcuts:          7, updates:  0, checked-nodes:      4 854, t(total):   0.10,  t(period):   0.02, t(lazy):   0.00, t(neighbor):   0.00, t(contr):   0.01, t(other) :   0.08, dijkstra-ratio:   2.49%, meanDegree: 1.84, dijkstras:     56 866, mem:        0MB, totalMB:247, usedMB:144
2024-04-24 02:35:33 INFO [o.h.o.r.g.e.c.PrepareCore               ] - edge, nodes:     10 957, shortcuts:         38, updates:  0, checked-nodes:      5 663, t(total):   0.11,  t(period):   0.02, t(lazy):   0.01, t(neighbor):   0.00, t(contr):   0.01, t(other) :   0.08, dijkstra-ratio:   4.60%, meanDegree: 1.66, dijkstras:     59 148, mem:        0MB, totalMB:247, usedMB:145
2024-04-24 02:35:33 INFO [o.h.o.r.g.e.c.PrepareCore               ] - edge, nodes:     10 332, shortcuts:         71, updates:  0, checked-nodes:      6 472, t(total):   0.11,  t(period):   0.02, t(lazy):   0.01, t(neighbor):   0.00, t(contr):   0.01, t(other) :   0.08, dijkstra-ratio:   6.53%, meanDegree: 1.61, dijkstras:     61 335, mem:        0MB, totalMB:247, usedMB:145
2024-04-24 02:35:33 INFO [o.h.o.r.g.e.c.PrepareCore               ] - edge, nodes:      9 739, shortcuts:        216, updates:  0, checked-nodes:      7 281, t(total):   0.12,  t(period):   0.02, t(lazy):   0.01, t(neighbor):   0.00, t(contr):   0.01, t(other) :   0.08, dijkstra-ratio:   8.73%, meanDegree: 2.00, dijkstras:     63 480, mem:        0MB, totalMB:247, usedMB:145
2024-04-24 02:35:33 INFO [o.h.o.r.g.e.c.PrepareCore               ] - edge, nodes:      9 113, shortcuts:        736, updates:  0, checked-nodes:      8 090, t(total):   0.12,  t(period):   0.02, t(lazy):   0.01, t(neighbor):   0.00, t(contr):   0.02, t(other) :   0.08, dijkstra-ratio:  10.82%, meanDegree: 0.73, dijkstras:     65 885, mem:        0MB, totalMB:247, usedMB:146
2024-04-24 02:35:33 INFO [o.h.o.r.g.e.c.PrepareCore               ] - edge, nodes:      8 597, shortcuts:        865, updates:  0, checked-nodes:      8 899, t(total):   0.13,  t(period):   0.02, t(lazy):   0.02, t(neighbor):   0.00, t(contr):   0.02, t(other) :   0.08, dijkstra-ratio:  11.10%, meanDegree: 1.00, dijkstras:     67 154, mem:        0MB, totalMB:247, usedMB:146
2024-04-24 02:35:33 INFO [o.h.o.r.g.e.c.PrepareCore               ] - edge, nodes:      8 118, shortcuts:      1 286, updates:  0, checked-nodes:      9 708, t(total):   0.13,  t(period):   0.02, t(lazy):   0.02, t(neighbor):   0.00, t(contr):   0.02, t(other) :   0.08, dijkstra-ratio:  12.16%, meanDegree: 1.10, dijkstras:     69 515, mem:        0MB, totalMB:247, usedMB:146
2024-04-24 02:35:33 INFO [o.h.o.r.g.e.c.PrepareCore               ] - edge, nodes:      7 564, shortcuts:      1 726, updates:  0, checked-nodes:     10 517, t(total):   0.14,  t(period):   0.02, t(lazy):   0.02, t(neighbor):   0.00, t(contr):   0.02, t(other) :   0.08, dijkstra-ratio:  14.51%, meanDegree: 0.00, dijkstras:     72 940, mem:        0MB, totalMB:247, usedMB:147
2024-04-24 02:35:33 INFO [o.h.o.r.g.e.c.PrepareCore               ] - edge, nodes:      6 857, shortcuts:      2 161, updates:  0, checked-nodes:     11 326, t(total):   0.14,  t(period):   0.02, t(lazy):   0.02, t(neighbor):   0.00, t(contr):   0.02, t(other) :   0.08, dijkstra-ratio:  15.57%, meanDegree: 2.76, dijkstras:     75 064, mem:        0MB, totalMB:247, usedMB:147
2024-04-24 02:35:33 INFO [o.h.o.r.g.e.c.PrepareCore               ] - edge, nodes:      6 174, shortcuts:      2 479, updates:  0, checked-nodes:     12 135, t(total):   0.16,  t(period):   0.02, t(lazy):   0.03, t(neighbor):   0.00, t(contr):   0.03, t(other) :   0.08, dijkstra-ratio:  18.97%, meanDegree: 2.47, dijkstras:     80 874, mem:        0MB, totalMB:247, usedMB:147
2024-04-24 02:35:33 INFO [o.h.o.r.g.e.c.PrepareCore               ] - edge, nodes:      5 496, shortcuts:      2 891, updates:  0, checked-nodes:     12 944, t(total):   0.17,  t(period):   0.02, t(lazy):   0.04, t(neighbor):   0.00, t(contr):   0.03, t(other) :   0.09, dijkstra-ratio:  21.45%, meanDegree: 2.54, dijkstras:     86 732, mem:        0MB, totalMB:247, usedMB:148
2024-04-24 02:35:33 INFO [o.h.o.r.g.e.c.PrepareCore               ] - edge, nodes:      4 828, shortcuts:      3 432, updates:  0, checked-nodes:     13 753, t(total):   0.18,  t(period):   0.02, t(lazy):   0.04, t(neighbor):   0.00, t(contr):   0.03, t(other) :   0.09, dijkstra-ratio:  23.59%, meanDegree: 2.47, dijkstras:     92 673, mem:        0MB, totalMB:247, usedMB:148
2024-04-24 02:35:33 INFO [o.h.o.r.g.e.c.PrepareCore               ] - edge, nodes:      4 132, shortcuts:      4 178, updates:  0, checked-nodes:     14 562, t(total):   0.19,  t(period):   0.02, t(lazy):   0.05, t(neighbor):   0.00, t(contr):   0.04, t(other) :   0.09, dijkstra-ratio:  25.83%, meanDegree: 2.67, dijkstras:     98 511, mem:        0MB, totalMB:247, usedMB:149
2024-04-24 02:35:33 INFO [o.h.o.r.g.e.c.PrepareCore               ] - edge, nodes:      3 468, shortcuts:      4 935, updates:  0, checked-nodes:     15 371, t(total):   0.20,  t(period):   0.02, t(lazy):   0.05, t(neighbor):   0.00, t(contr):   0.04, t(other) :   0.09, dijkstra-ratio:  27.64%, meanDegree: 2.06, dijkstras:    104 741, mem:        0MB, totalMB:247, usedMB:149
2024-04-24 02:35:33 INFO [o.h.o.r.g.e.c.PrepareCore               ] - edge, nodes:      2 784, shortcuts:      5 862, updates:  0, checked-nodes:     16 180, t(total):   0.21,  t(period):   0.02, t(lazy):   0.06, t(neighbor):   0.00, t(contr):   0.04, t(other) :   0.09, dijkstra-ratio:  29.18%, meanDegree: 2.77, dijkstras:    110 916, mem:        0MB, totalMB:247, usedMB:150
2024-04-24 02:35:33 INFO [o.h.o.r.g.e.c.PrepareCore               ] - edge, nodes:      2 090, shortcuts:      6 910, updates:  0, checked-nodes:     16 989, t(total):   0.21,  t(period):   0.02, t(lazy):   0.06, t(neighbor):   0.00, t(contr):   0.05, t(other) :   0.09, dijkstra-ratio:  30.27%, meanDegree: 2.46, dijkstras:    117 131, mem:        0MB, totalMB:247, usedMB:150
2024-04-24 02:35:33 INFO [o.h.o.r.g.e.c.PrepareCore               ] - edge, nodes:      1 555, shortcuts:      8 076, updates:  0, checked-nodes:     17 798, t(total):   0.22,  t(period):   0.02, t(lazy):   0.07, t(neighbor):   0.00, t(contr):   0.05, t(other) :   0.09, dijkstra-ratio:  31.46%, meanDegree: 3.07, dijkstras:    125 266, mem:        0MB, totalMB:247, usedMB:151
2024-04-24 02:35:33 INFO [o.h.o.r.g.e.c.PrepareCore               ] - edge, nodes:      1 003, shortcuts:      9 870, updates:  0, checked-nodes:     18 607, t(total):   0.24,  t(period):   0.02, t(lazy):   0.08, t(neighbor):   0.00, t(contr):   0.05, t(other) :   0.09, dijkstra-ratio:  33.61%, meanDegree: 2.01, dijkstras:    137 687, mem:        0MB, totalMB:247, usedMB:152
2024-04-24 02:35:33 INFO [o.h.o.r.g.e.c.PrepareCore               ] - edge, nodes:        371, shortcuts:     11 925, updates:  0, checked-nodes:     19 416, t(total):   0.26,  t(period):   0.02, t(lazy):   0.09, t(neighbor):   0.00, t(contr):   0.06, t(other) :   0.09, dijkstra-ratio:  35.73%, meanDegree: 3.01, dijkstras:    152 329, mem:        0MB, totalMB:247, usedMB:152
2024-04-24 02:35:33 INFO [o.h.o.r.g.e.c.PrepareCore               ] - edge, nodes:          0, shortcuts:     16 216, updates:  0, checked-nodes:     19 783, t(total):   0.27,  t(period):   0.02, t(lazy):   0.09, t(neighbor):   0.00, t(contr):   0.06, t(other) :   0.10, dijkstra-ratio:  36.24%, meanDegree: 5.05, dijkstras:    162 009, mem:        0MB, totalMB:247, usedMB:153
2024-04-24 02:35:33 INFO [o.h.o.r.g.e.c.PrepareCore               ] - new shortcuts: 16 216, initSize:16 179, limited_access|fastest|car_ors, periodic:0, lazy:100, neighbor:0, t(total):   0.27,  t(period):   0.02, t(lazy):   0.09, t(neighbor):   0.00, t(contr):   0.06, t(other) :   0.10, dijkstra-ratio:  36.11%, lazy-overhead: 22%, totalMB:247, usedMB:153
2024-04-24 02:35:33 INFO [o.h.o.r.g.e.c.PrepareCore               ] - shortcuts that exceed maximum weight: 0
2024-04-24 02:35:33 INFO [o.h.o.r.g.e.c.PrepareCore               ] - took: 0s, graph now - num edges: 20 826, num nodes: 17 464, num shortcuts: 16 216
2024-04-24 02:35:33 INFO [o.h.o.r.g.e.c.PrepareCore               ] - Creating Core graph, totalMB:247, usedMB:153
2024-04-24 02:35:33 INFO [o.h.o.r.g.e.c.PrepareCore               ] - Building Core graph, totalMB:247, usedMB:153
2024-04-24 02:35:33 INFO [o.h.o.r.g.e.c.PrepareCore               ] - Finished building Core graph, took: 0.03369341s, totalMB:247, usedMB:179
2024-04-24 02:35:33 INFO [o.h.o.r.g.e.c.PrepareCore               ] - Building initial queue of nodes to be contracted: 17464 nodes, totalMB:247, usedMB:204
2024-04-24 02:35:33 INFO [o.h.o.r.g.e.c.PrepareCore               ] - Finished building queue, took: 0.013798543s, totalMB:247, usedMB:206
2024-04-24 02:35:33 INFO [o.h.o.r.g.e.c.PrepareCore               ] - edge, nodes:     16 179, shortcuts:          0, updates:  0, checked-nodes:          0, t(total):   0.08,  t(period):   0.01, t(lazy):   0.00, t(neighbor):   0.00, t(contr):   0.00, t(other) :   0.06, dijkstra-ratio:   1.62%, meanDegree: 1.19, dijkstras:     55 775, mem:        0MB, totalMB:247, usedMB:206
2024-04-24 02:35:33 INFO [o.h.o.r.g.e.c.PrepareCore               ] - edge, nodes:     15 406, shortcuts:          0, updates:  0, checked-nodes:        809, t(total):   0.08,  t(period):   0.01, t(lazy):   0.00, t(neighbor):   0.00, t(contr):   0.00, t(other) :   0.06, dijkstra-ratio:   1.61%, meanDegree: 1.00, dijkstras:     55 783, mem:        0MB, totalMB:247, usedMB:206
2024-04-24 02:35:33 INFO [o.h.o.r.g.e.c.PrepareCore               ] - edge, nodes:     14 630, shortcuts:          0, updates:  0, checked-nodes:      1 618, t(total):   0.08,  t(period):   0.01, t(lazy):   0.00, t(neighbor):   0.00, t(contr):   0.00, t(other) :   0.07, dijkstra-ratio:   1.58%, meanDegree: 1.00, dijkstras:     55 783, mem:        0MB, totalMB:247, usedMB:206
2024-04-24 02:35:33 INFO [o.h.o.r.g.e.c.PrepareCore               ] - edge, nodes:     13 870, shortcuts:          0, updates:  0, checked-nodes:      2 427, t(total):   0.08,  t(period):   0.01, t(lazy):   0.00, t(neighbor):   0.00, t(contr):   0.00, t(other) :   0.07, dijkstra-ratio:   1.55%, meanDegree: 1.00, dijkstras:     55 783, mem:        0MB, totalMB:247, usedMB:207
2024-04-24 02:35:33 INFO [o.h.o.r.g.e.c.PrepareCore               ] - edge, nodes:     13 127, shortcuts:          0, updates:  0, checked-nodes:      3 236, t(total):   0.08,  t(period):   0.01, t(lazy):   0.00, t(neighbor):   0.00, t(contr):   0.00, t(other) :   0.07, dijkstra-ratio:   1.54%, meanDegree: 1.00, dijkstras:     55 783, mem:        0MB, totalMB:247, usedMB:207
2024-04-24 02:35:33 INFO [o.h.o.r.g.e.c.PrepareCore               ] - edge, nodes:     12 371, shortcuts:          0, updates:  0, checked-nodes:      4 045, t(total):   0.08,  t(period):   0.01, t(lazy):   0.00, t(neighbor):   0.00, t(contr):   0.00, t(other) :   0.07, dijkstra-ratio:   1.52%, meanDegree: 1.00, dijkstras:     55 783, mem:        0MB, totalMB:247, usedMB:207
2024-04-24 02:35:33 INFO [o.h.o.r.g.e.c.PrepareCore               ] - edge, nodes:     11 650, shortcuts:          6, updates:  0, checked-nodes:      4 854, t(total):   0.09,  t(period):   0.01, t(lazy):   0.00, t(neighbor):   0.00, t(contr):   0.00, t(other) :   0.07, dijkstra-ratio:   2.63%, meanDegree: 1.44, dijkstras:     56 855, mem:        0MB, totalMB:247, usedMB:208
2024-04-24 02:35:33 INFO [o.h.o.r.g.e.c.PrepareCore               ] - edge, nodes:     10 962, shortcuts:         36, updates:  0, checked-nodes:      5 663, t(total):   0.09,  t(period):   0.01, t(lazy):   0.00, t(neighbor):   0.00, t(contr):   0.00, t(other) :   0.07, dijkstra-ratio:   4.76%, meanDegree: 1.99, dijkstras:     59 137, mem:        0MB, totalMB:247, usedMB:208
2024-04-24 02:35:33 INFO [o.h.o.r.g.e.c.PrepareCore               ] - edge, nodes:     10 340, shortcuts:         66, updates:  0, checked-nodes:      6 472, t(total):   0.09,  t(period):   0.01, t(lazy):   0.01, t(neighbor):   0.00, t(contr):   0.01, t(other) :   0.07, dijkstra-ratio:   6.77%, meanDegree: 1.82, dijkstras:     61 318, mem:        0MB, totalMB:247, usedMB:208
2024-04-24 02:35:33 INFO [o.h.o.r.g.e.c.PrepareCore               ] - edge, nodes:      9 750, shortcuts:        207, updates:  0, checked-nodes:      7 281, t(total):   0.10,  t(period):   0.01, t(lazy):   0.01, t(neighbor):   0.00, t(contr):   0.01, t(other) :   0.07, dijkstra-ratio:   8.56%, meanDegree: 2.00, dijkstras:     63 463, mem:        0MB, totalMB:247, usedMB:209
2024-04-24 02:35:33 INFO [o.h.o.r.g.e.c.PrepareCore               ] - edge, nodes:      9 124, shortcuts:        735, updates:  0, checked-nodes:      8 090, t(total):   0.10,  t(period):   0.01, t(lazy):   0.01, t(neighbor):   0.00, t(contr):   0.01, t(other) :   0.07, dijkstra-ratio:  10.62%, meanDegree: 0.40, dijkstras:     65 926, mem:        0MB, totalMB:247, usedMB:209
2024-04-24 02:35:33 INFO [o.h.o.r.g.e.c.PrepareCore               ] - edge, nodes:      8 599, shortcuts:        865, updates:  0, checked-nodes:      8 899, t(total):   0.10,  t(period):   0.01, t(lazy):   0.01, t(neighbor):   0.00, t(contr):   0.01, t(other) :   0.07, dijkstra-ratio:  10.66%, meanDegree: 1.00, dijkstras:     67 179, mem:        0MB, totalMB:247, usedMB:209
2024-04-24 02:35:33 INFO [o.h.o.r.g.e.c.PrepareCore               ] - edge, nodes:      8 129, shortcuts:      1 279, updates:  0, checked-nodes:      9 708, t(total):   0.11,  t(period):   0.01, t(lazy):   0.01, t(neighbor):   0.00, t(contr):   0.01, t(other) :   0.07, dijkstra-ratio:  11.49%, meanDegree: 1.17, dijkstras:     69 533, mem:        0MB, totalMB:247, usedMB:210
2024-04-24 02:35:33 INFO [o.h.o.r.g.e.c.PrepareCore               ] - edge, nodes:      7 585, shortcuts:      1 718, updates:  0, checked-nodes:     10 517, t(total):   0.11,  t(period):   0.01, t(lazy):   0.02, t(neighbor):   0.00, t(contr):   0.01, t(other) :   0.07, dijkstra-ratio:  13.39%, meanDegree: 0.22, dijkstras:     73 003, mem:        0MB, totalMB:247, usedMB:210
2024-04-24 02:35:33 INFO [o.h.o.r.g.e.c.PrepareCore               ] - edge, nodes:      6 877, shortcuts:      2 116, updates:  0, checked-nodes:     11 326, t(total):   0.11,  t(period):   0.01, t(lazy):   0.02, t(neighbor):   0.00, t(contr):   0.01, t(other) :   0.07, dijkstra-ratio:  14.43%, meanDegree: 2.62, dijkstras:     74 928, mem:        0MB, totalMB:247, usedMB:210
2024-04-24 02:35:33 INFO [o.h.o.r.g.e.c.PrepareCore               ] - edge, nodes:      6 186, shortcuts:      2 502, updates:  0, checked-nodes:     12 135, t(total):   0.12,  t(period):   0.01, t(lazy):   0.02, t(neighbor):   0.00, t(contr):   0.02, t(other) :   0.07, dijkstra-ratio:  17.33%, meanDegree: 2.30, dijkstras:     81 186, mem:        0MB, totalMB:247, usedMB:211
2024-04-24 02:35:33 INFO [o.h.o.r.g.e.c.PrepareCore               ] - edge, nodes:      5 505, shortcuts:      2 947, updates:  0, checked-nodes:     12 944, t(total):   0.13,  t(period):   0.01, t(lazy):   0.03, t(neighbor):   0.00, t(contr):   0.02, t(other) :   0.07, dijkstra-ratio:  19.54%, meanDegree: 2.28, dijkstras:     87 271, mem:        0MB, totalMB:247, usedMB:211
2024-04-24 02:35:33 INFO [o.h.o.r.g.e.c.PrepareCore               ] - edge, nodes:      4 847, shortcuts:      3 531, updates:  0, checked-nodes:     13 753, t(total):   0.14,  t(period):   0.01, t(lazy):   0.03, t(neighbor):   0.00, t(contr):   0.02, t(other) :   0.07, dijkstra-ratio:  21.44%, meanDegree: 2.03, dijkstras:     93 515, mem:        0MB, totalMB:247, usedMB:212
2024-04-24 02:35:33 INFO [o.h.o.r.g.e.c.PrepareCore               ] - edge, nodes:      4 154, shortcuts:      4 300, updates:  0, checked-nodes:     14 562, t(total):   0.15,  t(period):   0.01, t(lazy):   0.03, t(neighbor):   0.00, t(contr):   0.02, t(other) :   0.07, dijkstra-ratio:  23.55%, meanDegree: 2.36, dijkstras:     99 339, mem:        0MB, totalMB:247, usedMB:212
2024-04-24 02:35:33 INFO [o.h.o.r.g.e.c.PrepareCore               ] - edge, nodes:      3 496, shortcuts:      4 981, updates:  0, checked-nodes:     15 371, t(total):   0.15,  t(period):   0.01, t(lazy):   0.04, t(neighbor):   0.00, t(contr):   0.03, t(other) :   0.08, dijkstra-ratio:  25.65%, meanDegree: 2.23, dijkstras:    105 602, mem:        0MB, totalMB:247, usedMB:213
2024-04-24 02:35:33 INFO [o.h.o.r.g.e.c.PrepareCore               ] - edge, nodes:      2 810, shortcuts:      5 908, updates:  0, checked-nodes:     16 180, t(total):   0.16,  t(period):   0.01, t(lazy):   0.04, t(neighbor):   0.00, t(contr):   0.03, t(other) :   0.08, dijkstra-ratio:  26.96%, meanDegree: 2.73, dijkstras:    111 801, mem:        0MB, totalMB:247, usedMB:213
2024-04-24 02:35:33 INFO [o.h.o.r.g.e.c.PrepareCore               ] - edge, nodes:      2 132, shortcuts:      6 973, updates:  0, checked-nodes:     16 989, t(total):   0.17,  t(period):   0.01, t(lazy):   0.05, t(neighbor):   0.00, t(contr):   0.03, t(other) :   0.08, dijkstra-ratio:  28.63%, meanDegree: 2.20, dijkstras:    118 501, mem:        0MB, totalMB:247, usedMB:214
2024-04-24 02:35:33 INFO [o.h.o.r.g.e.c.PrepareCore               ] - edge, nodes:      1 572, shortcuts:      8 246, updates:  0, checked-nodes:     17 798, t(total):   0.18,  t(period):   0.01, t(lazy):   0.05, t(neighbor):   0.00, t(contr):   0.04, t(other) :   0.08, dijkstra-ratio:  30.51%, meanDegree: 2.97, dijkstras:    126 926, mem:        0MB, totalMB:247, usedMB:215
2024-04-24 02:35:33 INFO [o.h.o.r.g.e.c.PrepareCore               ] - edge, nodes:      1 052, shortcuts:     10 020, updates:  0, checked-nodes:     18 607, t(total):   0.20,  t(period):   0.01, t(lazy):   0.06, t(neighbor):   0.00, t(contr):   0.04, t(other) :   0.08, dijkstra-ratio:  33.87%, meanDegree: 3.37, dijkstras:    140 292, mem:        0MB, totalMB:247, usedMB:215
2024-04-24 02:35:33 INFO [o.h.o.r.g.e.c.PrepareCore               ] - edge, nodes:        451, shortcuts:     11 985, updates:  0, checked-nodes:     19 416, t(total):   0.23,  t(period):   0.01, t(lazy):   0.08, t(neighbor):   0.00, t(contr):   0.05, t(other) :   0.09, dijkstra-ratio:  36.03%, meanDegree: 4.72, dijkstras:    156 455, mem:        0MB, totalMB:247, usedMB:68
2024-04-24 02:35:33 INFO [o.h.o.r.g.e.c.PrepareCore               ] - edge, nodes:          0, shortcuts:     17 191, updates:  0, checked-nodes:     19 934, t(total):   0.25,  t(period):   0.01, t(lazy):   0.09, t(neighbor):   0.00, t(contr):   0.05, t(other) :   0.09, dijkstra-ratio:  37.85%, meanDegree: 5.68, dijkstras:    173 170, mem:        0MB, totalMB:247, usedMB:69
2024-04-24 02:35:33 INFO [o.h.o.r.g.e.c.PrepareCore               ] - new shortcuts: 17 191, initSize:16 179, limited_access|shortest|car_ors, periodic:0, lazy:100, neighbor:0, t(total):   0.25,  t(period):   0.01, t(lazy):   0.09, t(neighbor):   0.00, t(contr):   0.05, t(other) :   0.09, dijkstra-ratio:  37.62%, lazy-overhead: 23%, totalMB:247, usedMB:69
2024-04-24 02:35:33 INFO [o.h.o.r.g.e.c.PrepareCore               ] - shortcuts that exceed maximum weight: 0
2024-04-24 02:35:33 INFO [o.h.o.r.g.e.c.PrepareCore               ] - took: 0s, graph now - num edges: 20 826, num nodes: 17 464, num shortcuts: 17 191
2024-04-24 02:35:33 INFO [o.h.o.r.g.e.c.CorePreparationHandler    ] - Finished CH preparation, totalMB:247, usedMB:69
2024-04-24 02:35:33 INFO [o.h.o.r.g.e.c.CoreLMPreparationHandler  ] - Creating LM preparations, totalMB:247, usedMB:69
2024-04-24 02:35:33 INFO [o.h.o.r.g.e.c.CoreLandmarkStorage       ] - Created core node ID map for car_ors_fastest_with_turn_costs_highways of size 1446
2024-04-24 02:35:33 INFO [o.h.o.r.g.e.c.CoreLandmarkStorage       ] - Created core node ID map for car_ors_fastest_with_turn_costs_allow_all of size 1446
2024-04-24 02:35:33 INFO [o.h.o.r.g.e.c.CoreLandmarkStorage       ] - Created core node ID map for car_ors_shortest_with_turn_costs_highways of size 1446
2024-04-24 02:35:33 INFO [o.h.o.r.g.e.c.CoreLandmarkStorage       ] - Created core node ID map for car_ors_shortest_with_turn_costs_allow_all of size 1446
2024-04-24 02:35:33 INFO [o.h.o.r.g.e.c.CoreLMPreparationHandler  ] - 1/4 calling LM prepare.doWork for limited_access|fastest|car_ors ... (totalMB:247, usedMB:70)
2024-04-24 02:35:34 INFO [o.h.o.r.g.e.c.CoreLMPreparationHandler  ] - LM car_ors_fastest_with_turn_costs_highways finished totalMB:394, usedMB:73
2024-04-24 02:35:34 INFO [o.h.o.r.g.e.c.CoreLMPreparationHandler  ] - 2/4 calling LM prepare.doWork for limited_access|fastest|car_ors ... (totalMB:394, usedMB:73)
2024-04-24 02:35:34 INFO [o.h.o.r.g.e.c.CoreLMPreparationHandler  ] - LM car_ors_fastest_with_turn_costs_allow_all finished totalMB:277, usedMB:160
2024-04-24 02:35:34 INFO [o.h.o.r.g.e.c.CoreLMPreparationHandler  ] - 3/4 calling LM prepare.doWork for limited_access|shortest|car_ors ... (totalMB:277, usedMB:160)
2024-04-24 02:35:35 INFO [o.h.o.r.g.e.c.CoreLMPreparationHandler  ] - LM car_ors_shortest_with_turn_costs_highways finished totalMB:277, usedMB:77
2024-04-24 02:35:35 INFO [o.h.o.r.g.e.c.CoreLMPreparationHandler  ] - 4/4 calling LM prepare.doWork for limited_access|shortest|car_ors ... (totalMB:277, usedMB:77)
2024-04-24 02:35:35 INFO [o.h.o.r.g.e.c.CoreLMPreparationHandler  ] - LM car_ors_shortest_with_turn_costs_allow_all finished totalMB:314, usedMB:273
2024-04-24 02:35:35 INFO [o.h.o.r.g.e.c.CoreLMPreparationHandler  ] - Finished LM preparation, totalMB:314, usedMB:274
2024-04-24 02:35:35 INFO [o.h.o.r.g.e.ORSGraphHopper              ] - flushing graph CH|car_ors|RAM_STORE|3D|turn_cost|7,20,5,4,5, details:edges:20 826(1MB), nodes:17 464(1MB), name:(2MB), geo:137 647(1MB), bounds:7.7084693,9.1039669,49.3325699,49.5168325,89.0,582.0, shortcuts:12 512 (1MB), nodesCH:17 464 (1MB), shortcuts:16 216 (1MB), nodesCH:17 464 (1MB), shortcuts:17 191 (1MB), nodesCH:17 464 (1MB), totalMB:314, usedMB:274)
2024-04-24 02:35:35 INFO [o.h.o.r.g.e.ORSGraphHopper              ] - flushed graph totalMB:314, usedMB:292)
2024-04-24 02:35:35 INFO [o.h.o.r.RoutingProfile                  ] - [1] Edges: 20826 - Nodes: 17464.
2024-04-24 02:35:35 INFO [o.h.o.r.RoutingProfile                  ] - [1] Total time: 19.423s.
2024-04-24 02:35:35 INFO [o.h.o.r.RoutingProfile                  ] - [1] Finished at: 2024-04-24 02:35:35.
2024-04-24 02:35:35 INFO [o.h.o.r.RoutingProfileManager           ] - Total time: 19.46s.
2024-04-24 02:35:35 INFO [o.h.o.r.RoutingProfileManager           ] - ========================================================================
2024-04-24 02:35:35 INFO [o.h.o.r.RoutingProfileManager           ] - ====> Recycling garbage...
2024-04-24 02:35:35 INFO [o.h.o.r.RoutingProfileManager           ] - Before: Total - 314 MB, Free - 21.31 MB, Max: 980 MB, Used - 292.69 MB
2024-04-24 02:35:35 INFO [o.h.o.r.RoutingProfileManager           ] - After: Total - 260 MB, Free - 184.19 MB, Max: 980 MB, Used - 75.81 MB
2024-04-24 02:35:35 INFO [o.h.o.r.RoutingProfileManager           ] - ========================================================================
2024-04-24 02:35:35 INFO [o.h.o.r.RoutingProfileManager           ] - ====> Memory usage by profiles:
2024-04-24 02:35:35 INFO [o.h.o.r.RoutingProfileManager           ] - [1] 24.03 MB (31.7%)
2024-04-24 02:35:35 INFO [o.h.o.r.RoutingProfileManager           ] - Total: 24.03 MB (31.7%)
2024-04-24 02:35:35 INFO [o.h.o.r.RoutingProfileManager           ] - ========================================================================
2024-04-24 10:06:23 INFO [o.h.o.a.s.l.ORSInitContextListener      ] - Shutting down openrouteservice {"build_date":"2024-04-24T02:34:01Z","version":"8.1"} and releasing resources.
